<?xml version="1.0" encoding="UTF-8"?>
<Site BuildName="Linux-cc"
	BuildStamp="20230113-2049-Experimental"
	Name="DESKTOP-4R78PDH"
	Generator="ctest-3.22.1"
	CompilerName=""
	CompilerVersion=""
	OSName="Linux"
	Hostname="DESKTOP-4R78PDH"
	OSRelease="5.10.16.3-microsoft-standard-WSL2"
	OSVersion="#1 SMP Fri Apr 2 22:23:49 UTC 2021"
	OSPlatform="x86_64"
	Is64Bits="1"
	VendorString="GenuineIntel"
	VendorID="Intel Corporation"
	FamilyID="6"
	ModelID="151"
	ProcessorCacheSize="20480"
	NumberOfLogicalCPU="16"
	NumberOfPhysicalCPU="8"
	TotalVirtualMemory="4096"
	TotalPhysicalMemory="12614"
	LogicalProcessorsPerPhysical="2"
	ProcessorClockFrequency="3686.4"
	>
	<DynamicAnalysis Checker="Valgrind">
		<StartDateTime>Jan 13 21:50 CET</StartDateTime>
		<StartTestTime>1673643009</StartTestTime>
		<TestList>
			<Test>./test_game_new</Test>
			<Test>./test_game_new_empty</Test>
			<Test>./test_game_copy</Test>
			<Test>./test_game_equal</Test>
			<Test>./test_game_delete</Test>
			<Test>./test_game_is_empty</Test>
			<Test>./test_game_restart</Test>
			<Test>./test_game_set_square</Test>
			<Test>./test_game_get_square</Test>
			<Test>./test_game_get_number</Test>
			<Test>./test_game_get_next_square</Test>
			<Test>./test_game_get_next_number</Test>
			<Test>./test_game_is_immutable</Test>
			<Test>./test_game_has_error</Test>
			<Test>./test_game_check_move</Test>
			<Test>./test_game_play_move</Test>
			<Test>./test_game_is_over</Test>
			<Test>./test_game_default</Test>
			<Test>./test_game_default_solution</Test>
			<Test>./test_game_print</Test>
			<Test>./test_game_new_ext</Test>
			<Test>./test_game_new_empty_ext</Test>
			<Test>./test_game_undo</Test>
			<Test>./test_game_redo</Test>
			<Test>./test_game_nb_rows</Test>
			<Test>./test_game_nb_cols</Test>
			<Test>./test_game_is_unique</Test>
			<Test>./test_game_is_wrapping</Test>
			<Test>./test_is_unique_array</Test>
			<Test>./test_is_array_same</Test>
			<Test>./test_is_consecutive_grid</Test>
			<Test>./test_is_consecutive</Test>
			<Test>./test_get_number</Test>
			<Test>./test_rotate_array</Test>
			<Test>./test_get_col</Test>
			<Test>./test_get_row</Test>
			<Test>./test_is_array_full</Test>
			<Test>./test_move_create</Test>
			<Test>./test_move_delete</Test>
			<Test>./test_move_row</Test>
			<Test>./test_move_col</Test>
			<Test>./test_move_s</Test>
			<Test>./test_move_p</Test>
			<Test>./test_move_print</Test>
			<Test>./test_ms_create</Test>
			<Test>./test_ms_delete</Test>
			<Test>./test_ms_double_capacity</Test>
			<Test>./test_ms_top</Test>
			<Test>./test_ms_push</Test>
			<Test>./test_ms_pop</Test>
			<Test>./test_ms_clear</Test>
			<Test>./test_ms_top_row</Test>
			<Test>./test_ms_top_col</Test>
			<Test>./test_ms_top_s</Test>
			<Test>./test_ms_top_p</Test>
			<Test>./test_ms_is_empty</Test>
			<Test>./test_ms_is_full</Test>
			<Test>./test_ms_print</Test>
			<Test>./test_throw_error</Test>
			<Test>./test_game_test</Test>
			<Test>./test_cgame_test</Test>
			<Test>./test_pointer_test</Test>
			<Test>./test_new_ext</Test>
			<Test>./test_new_empty_ext</Test>
			<Test>./test_equal_ext</Test>
			<Test>./test_copy_ext</Test>
			<Test>./test_get_next_square_wrapping</Test>
			<Test>./test_get_next_number_wrapping</Test>
			<Test>./test_has_error_wrapping</Test>
			<Test>./test_is_over_wrapping</Test>
			<Test>./test_has_error_unique</Test>
			<Test>./test_is_over_unique</Test>
			<Test>./test_undo_one</Test>
			<Test>./test_undo_redo_some</Test>
			<Test>./test_undo_redo_all</Test>
			<Test>./test_restart_undo</Test>
		</TestList>
		<DefectList/>
		<EndDateTime>Jan 13 21:50 CET</EndDateTime>
		<EndTestTime>1673643036</EndTestTime>
		<ElapsedMinutes>0</ElapsedMinutes>
	</DynamicAnalysis>
</Site>
